  Tree.cpp
C:\Users\User\source\repos\Лаба по проге №5.Второй семм.16 вариантЗад1\Лаба по проге №5.Второй семм.16 вариант\Tree.h(165,34): warning C4244: =: преобразование "int" в "OurKey", возможна потеря данных
          with
          [
              OurKey=float
          ]
C:\Users\User\source\repos\Лаба по проге №5.Второй семм.16 вариантЗад1\Лаба по проге №5.Второй семм.16 вариант\Tree.h(175,45): warning C4244: =: преобразование "int" в "OurKey", возможна потеря данных
          with
          [
              OurKey=float
          ]
C:\Users\User\source\repos\Лаба по проге №5.Второй семм.16 вариантЗад1\Лаба по проге №5.Второй семм.16 вариант\Tree.h(184,48): warning C4244: =: преобразование "int" в "OurKey", возможна потеря данных
          with
          [
              OurKey=float
          ]
  main.cpp
C:\Users\User\source\repos\Лаба по проге №5.Второй семм.16 вариантЗад1\Лаба по проге №5.Второй семм.16 вариант\Tree.h(165,34): warning C4244: =: преобразование "int" в "OurKey", возможна потеря данных
          with
          [
              OurKey=float
          ]
C:\Users\User\source\repos\Лаба по проге №5.Второй семм.16 вариантЗад1\Лаба по проге №5.Второй семм.16 вариант\Tree.h(175,45): warning C4244: =: преобразование "int" в "OurKey", возможна потеря данных
          with
          [
              OurKey=float
          ]
C:\Users\User\source\repos\Лаба по проге №5.Второй семм.16 вариантЗад1\Лаба по проге №5.Второй семм.16 вариант\Tree.h(184,48): warning C4244: =: преобразование "int" в "OurKey", возможна потеря данных
          with
          [
              OurKey=float
          ]
C:\Users\User\source\repos\Лаба по проге №5.Второй семм.16 вариантЗад1\Лаба по проге №5.Второй семм.16 вариант\main.cpp(189,13): warning C4101: size: неиспользованная локальная переменная
  Создание кода...
C:\Users\User\source\repos\Лаба по проге №5.Второй семм.16 вариантЗад1\Лаба по проге №5.Второй семм.16 вариант\checkfile.h(35): warning C4715: check_empty: значение возвращается не при всех путях выполнения
C:\Users\User\source\repos\Лаба по проге №5.Второй семм.16 вариантЗад1\Лаба по проге №5.Второй семм.16 вариант\Tree.h(612): warning C4715: Tree<int>::DFS: значение возвращается не при всех путях выполнения
C:\Users\User\source\repos\Лаба по проге №5.Второй семм.16 вариантЗад1\Лаба по проге №5.Второй семм.16 вариант\Tree.h(629): warning C4715: Tree<int>::DFSi: значение возвращается не при всех путях выполнения
  Лаба по проге №5.Второй семм.16 вариант.vcxproj -> C:\Users\User\source\repos\Лаба по проге №5.Второй семм.16 вариантЗад1\Debug\Лаба по проге №5.Второй семм.16 вариант.exe
